C:\USERS\CHRISTOPH\DOCUMENTS\FH\GADEL\MAFHONG\MAFHONG\MAFHONG\DEBUG\VC110.PDB
C:\USERS\CHRISTOPH\DOCUMENTS\FH\GADEL\MAFHONG\MAFHONG\MAFHONG\DEBUG\MAIN.OBJ
C:\USERS\CHRISTOPH\DOCUMENTS\FH\GADEL\MAFHONG\MAFHONG\DEBUG\MAFHONG.ILK
C:\USERS\CHRISTOPH\DOCUMENTS\FH\GADEL\MAFHONG\MAFHONG\DEBUG\MAFHONG.EXE
C:\USERS\CHRISTOPH\DOCUMENTS\FH\GADEL\MAFHONG\MAFHONG\DEBUG\MAFHONG.PDB
C:\Users\Christoph\Documents\FH\GADEL\Mafhong\Mafhong\Mafhong\Debug\main.obj
C:\Users\Christoph\Documents\FH\GADEL\Mafhong\Mafhong\Mafhong\Debug\cl.command.1.tlog
C:\Users\Christoph\Documents\FH\GADEL\Mafhong\Mafhong\Mafhong\Debug\CL.read.1.tlog
C:\Users\Christoph\Documents\FH\GADEL\Mafhong\Mafhong\Mafhong\Debug\CL.write.1.tlog
C:\Users\Christoph\Documents\FH\GADEL\Mafhong\Mafhong\Mafhong\Debug\link-cvtres.read.1.tlog
C:\Users\Christoph\Documents\FH\GADEL\Mafhong\Mafhong\Mafhong\Debug\link-cvtres.write.1.tlog
C:\Users\Christoph\Documents\FH\GADEL\Mafhong\Mafhong\Mafhong\Debug\link-rc.read.1.tlog
C:\Users\Christoph\Documents\FH\GADEL\Mafhong\Mafhong\Mafhong\Debug\link-rc.write.1.tlog
C:\Users\Christoph\Documents\FH\GADEL\Mafhong\Mafhong\Mafhong\Debug\link.21272-cvtres.read.1.tlog
C:\Users\Christoph\Documents\FH\GADEL\Mafhong\Mafhong\Mafhong\Debug\link.21272-cvtres.write.1.tlog
C:\Users\Christoph\Documents\FH\GADEL\Mafhong\Mafhong\Mafhong\Debug\link.21272-rc.read.1.tlog
C:\Users\Christoph\Documents\FH\GADEL\Mafhong\Mafhong\Mafhong\Debug\link.21272-rc.write.1.tlog
C:\Users\Christoph\Documents\FH\GADEL\Mafhong\Mafhong\Mafhong\Debug\link.21272.read.1.tlog
C:\Users\Christoph\Documents\FH\GADEL\Mafhong\Mafhong\Mafhong\Debug\link.21272.write.1.tlog
C:\Users\Christoph\Documents\FH\GADEL\Mafhong\Mafhong\Mafhong\Debug\link.24248-cvtres.read.1.tlog
C:\Users\Christoph\Documents\FH\GADEL\Mafhong\Mafhong\Mafhong\Debug\link.24248-cvtres.write.1.tlog
C:\Users\Christoph\Documents\FH\GADEL\Mafhong\Mafhong\Mafhong\Debug\link.24248-rc.read.1.tlog
C:\Users\Christoph\Documents\FH\GADEL\Mafhong\Mafhong\Mafhong\Debug\link.24248-rc.write.1.tlog
C:\Users\Christoph\Documents\FH\GADEL\Mafhong\Mafhong\Mafhong\Debug\link.24248.read.1.tlog
C:\Users\Christoph\Documents\FH\GADEL\Mafhong\Mafhong\Mafhong\Debug\link.24248.write.1.tlog
C:\Users\Christoph\Documents\FH\GADEL\Mafhong\Mafhong\Mafhong\Debug\link.2784-cvtres.read.1.tlog
C:\Users\Christoph\Documents\FH\GADEL\Mafhong\Mafhong\Mafhong\Debug\link.2784-cvtres.write.1.tlog
C:\Users\Christoph\Documents\FH\GADEL\Mafhong\Mafhong\Mafhong\Debug\link.2784-rc.read.1.tlog
C:\Users\Christoph\Documents\FH\GADEL\Mafhong\Mafhong\Mafhong\Debug\link.2784-rc.write.1.tlog
C:\Users\Christoph\Documents\FH\GADEL\Mafhong\Mafhong\Mafhong\Debug\link.2784.read.1.tlog
C:\Users\Christoph\Documents\FH\GADEL\Mafhong\Mafhong\Mafhong\Debug\link.2784.write.1.tlog
C:\Users\Christoph\Documents\FH\GADEL\Mafhong\Mafhong\Mafhong\Debug\link.3020-cvtres.read.1.tlog
C:\Users\Christoph\Documents\FH\GADEL\Mafhong\Mafhong\Mafhong\Debug\link.3020-cvtres.write.1.tlog
C:\Users\Christoph\Documents\FH\GADEL\Mafhong\Mafhong\Mafhong\Debug\link.3020-rc.read.1.tlog
C:\Users\Christoph\Documents\FH\GADEL\Mafhong\Mafhong\Mafhong\Debug\link.3020-rc.write.1.tlog
C:\Users\Christoph\Documents\FH\GADEL\Mafhong\Mafhong\Mafhong\Debug\link.3020.read.1.tlog
C:\Users\Christoph\Documents\FH\GADEL\Mafhong\Mafhong\Mafhong\Debug\link.3020.write.1.tlog
C:\Users\Christoph\Documents\FH\GADEL\Mafhong\Mafhong\Mafhong\Debug\link.3316-cvtres.read.1.tlog
C:\Users\Christoph\Documents\FH\GADEL\Mafhong\Mafhong\Mafhong\Debug\link.3316-cvtres.write.1.tlog
C:\Users\Christoph\Documents\FH\GADEL\Mafhong\Mafhong\Mafhong\Debug\link.3316-rc.read.1.tlog
C:\Users\Christoph\Documents\FH\GADEL\Mafhong\Mafhong\Mafhong\Debug\link.3316-rc.write.1.tlog
C:\Users\Christoph\Documents\FH\GADEL\Mafhong\Mafhong\Mafhong\Debug\link.3316.read.1.tlog
C:\Users\Christoph\Documents\FH\GADEL\Mafhong\Mafhong\Mafhong\Debug\link.3316.write.1.tlog
C:\Users\Christoph\Documents\FH\GADEL\Mafhong\Mafhong\Mafhong\Debug\link.5816-cvtres.read.1.tlog
C:\Users\Christoph\Documents\FH\GADEL\Mafhong\Mafhong\Mafhong\Debug\link.5816-cvtres.write.1.tlog
C:\Users\Christoph\Documents\FH\GADEL\Mafhong\Mafhong\Mafhong\Debug\link.5816-rc.read.1.tlog
C:\Users\Christoph\Documents\FH\GADEL\Mafhong\Mafhong\Mafhong\Debug\link.5816-rc.write.1.tlog
C:\Users\Christoph\Documents\FH\GADEL\Mafhong\Mafhong\Mafhong\Debug\link.5816.read.1.tlog
C:\Users\Christoph\Documents\FH\GADEL\Mafhong\Mafhong\Mafhong\Debug\link.5816.write.1.tlog
C:\Users\Christoph\Documents\FH\GADEL\Mafhong\Mafhong\Mafhong\Debug\link.6516-cvtres.read.1.tlog
C:\Users\Christoph\Documents\FH\GADEL\Mafhong\Mafhong\Mafhong\Debug\link.6516-cvtres.write.1.tlog
C:\Users\Christoph\Documents\FH\GADEL\Mafhong\Mafhong\Mafhong\Debug\link.6516-rc.read.1.tlog
C:\Users\Christoph\Documents\FH\GADEL\Mafhong\Mafhong\Mafhong\Debug\link.6516-rc.write.1.tlog
C:\Users\Christoph\Documents\FH\GADEL\Mafhong\Mafhong\Mafhong\Debug\link.6516.read.1.tlog
C:\Users\Christoph\Documents\FH\GADEL\Mafhong\Mafhong\Mafhong\Debug\link.6516.write.1.tlog
C:\Users\Christoph\Documents\FH\GADEL\Mafhong\Mafhong\Mafhong\Debug\link.6696-cvtres.read.1.tlog
C:\Users\Christoph\Documents\FH\GADEL\Mafhong\Mafhong\Mafhong\Debug\link.6696-cvtres.write.1.tlog
C:\Users\Christoph\Documents\FH\GADEL\Mafhong\Mafhong\Mafhong\Debug\link.6696-rc.read.1.tlog
C:\Users\Christoph\Documents\FH\GADEL\Mafhong\Mafhong\Mafhong\Debug\link.6696-rc.write.1.tlog
C:\Users\Christoph\Documents\FH\GADEL\Mafhong\Mafhong\Mafhong\Debug\link.6696.read.1.tlog
C:\Users\Christoph\Documents\FH\GADEL\Mafhong\Mafhong\Mafhong\Debug\link.6696.write.1.tlog
C:\Users\Christoph\Documents\FH\GADEL\Mafhong\Mafhong\Mafhong\Debug\link.7004-cvtres.read.1.tlog
C:\Users\Christoph\Documents\FH\GADEL\Mafhong\Mafhong\Mafhong\Debug\link.7004-cvtres.write.1.tlog
C:\Users\Christoph\Documents\FH\GADEL\Mafhong\Mafhong\Mafhong\Debug\link.7004-rc.read.1.tlog
C:\Users\Christoph\Documents\FH\GADEL\Mafhong\Mafhong\Mafhong\Debug\link.7004-rc.write.1.tlog
C:\Users\Christoph\Documents\FH\GADEL\Mafhong\Mafhong\Mafhong\Debug\link.7004.read.1.tlog
C:\Users\Christoph\Documents\FH\GADEL\Mafhong\Mafhong\Mafhong\Debug\link.7004.write.1.tlog
C:\Users\Christoph\Documents\FH\GADEL\Mafhong\Mafhong\Mafhong\Debug\link.command.1.tlog
C:\Users\Christoph\Documents\FH\GADEL\Mafhong\Mafhong\Mafhong\Debug\link.read.1.tlog
C:\Users\Christoph\Documents\FH\GADEL\Mafhong\Mafhong\Mafhong\Debug\link.write.1.tlog
C:\Users\Christoph\Documents\FH\GADEL\Mafhong\Mafhong\Mafhong\Debug\vc110.idb
C:\Users\Christoph\Documents\FH\GADEL\Mafhong\Mafhong\Mafhong\Debug\vc110.pdb
C:\Users\Christoph\Documents\FH\GADEL\Mafhong\Mafhong\Debug\Mafhong.pdb
C:\Users\Christoph\Documents\FH\GADEL\Mafhong\Mafhong\Debug\Mafhong.exe
C:\Users\Christoph\Documents\FH\GADEL\Mafhong\Mafhong\Debug\Mafhong.ilk
